./main
Img No. 0
Img No. 100
Img No. 200
Img No. 300
Img No. 400
Img No. 500
Img No. 600
Img No. 700
Img No. 800
Img No. 900
Img No. 1000
Img No. 1100
Img No. 1200
Img No. 1300
Img No. 1400
Img No. 1500
Img No. 1600
Img No. 1700
Img No. 1800
Img No. 1900
Img No. 2000
Img No. 2100
Img No. 2200
Img No. 2300
Img No. 2400
Img No. 2500
Img No. 2600
Img No. 2700
Img No. 2800
Img No. 2900
Img No. 3000
Img No. 3100
Img No. 3200
Img No. 3300
Img No. 3400
Img No. 3500
Img No. 3600
Img No. 3700
Img No. 3800
Img No. 3900
Img No. 4000
Img No. 4100
Img No. 4200
Img No. 4300
Img No. 4400
Img No. 4500
Img No. 4600
Img No. 4700
Img No. 4800
Img No. 4900
Img No. 5000
Img No. 5100
Img No. 5200
Img No. 5300
Img No. 5400
Img No. 5500
Img No. 5600
Img No. 5700
Img No. 5800
Img No. 5900
Img No. 6000
Img No. 6100
Img No. 6200
Img No. 6300
Img No. 6400
Img No. 6500
Img No. 6600
Img No. 6700
Img No. 6800
Img No. 6900
Img No. 7000
Img No. 7100
Img No. 7200
Img No. 7300
Img No. 7400
Img No. 7500
Img No. 7600
Img No. 7700
Img No. 7800
Img No. 7900
Img No. 8000
Img No. 8100
Img No. 8200
Img No. 8300
Img No. 8400
Img No. 8500
Img No. 8600
Img No. 8700
Img No. 8800
Img No. 8900
Img No. 9000
Img No. 9100
Img No. 9200
Img No. 9300
Img No. 9400
Img No. 9500
Img No. 9600
Img No. 9700
Img No. 9800
Img No. 9900
Successfully saved matrix to hidden
Successfully saved matrix to output
Successfully written to 'testing_net'
43.000000